app/build/outputs/logs/manifest-merger-debug-report.txt
-- Merging decision tree log ---
manifest
ADDED from src\main\AndroidManifest.xml:2:1-39:12
	package
		ADDED from src\main\AndroidManifest.xml:3:5-39
		INJECTED from src\main\AndroidManifest.xml
		INJECTED from src\main\AndroidManifest.xml
	android:versionName
		ADDED from src\main\AndroidManifest.xml:5:5-41
		INJECTED from src\main\AndroidManifest.xml
		INJECTED from src\main\AndroidManifest.xml
	android:versionCode
		ADDED from src\main\AndroidManifest.xml:4:5-28
		INJECTED from src\main\AndroidManifest.xml
		INJECTED from src\main\AndroidManifest.xml
	xmlns:android
		ADDED from src\main\AndroidManifest.xml:2:11-69
uses-permission#android.permission.INTERNET
ADDED from src\main\AndroidManifest.xml:7:5-67
	android:name
		ADDED from src\main\AndroidManifest.xml:7:22-64
uses-permission#android.permission.WRITE_SETTINGS
ADDED from src\main\AndroidManifest.xml:8:5-73
	android:name
		ADDED from src\main\AndroidManifest.xml:8:22-70
uses-sdk
ADDED from src\main\AndroidManifest.xml:10:5-12:41
MERGED from [com.android.support:appcompat-v7:22.0.0] AndroidManifest.xml:20:5-43
MERGED from [com.android.support:support-v4:22.0.0] AndroidManifest.xml:20:5-43
	android:targetSdkVersion
		ADDED from src\main\AndroidManifest.xml:12:9-38
		INJECTED from src\main\AndroidManifest.xml
		INJECTED from src\main\AndroidManifest.xml
	android:minSdkVersion
		ADDED from src\main\AndroidManifest.xml:11:9-34
		INJECTED from src\main\AndroidManifest.xml
		INJECTED from src\main\AndroidManifest.xml
application
ADDED from src\main\AndroidManifest.xml:14:5-37:19
MERGED from [com.android.support:appcompat-v7:22.0.0] AndroidManifest.xml:22:5-20
MERGED from [com.android.support:support-v4:22.0.0] AndroidManifest.xml:22:5-20
	android:label
		ADDED from src\main\AndroidManifest.xml:18:9-41
	android:allowBackup
		ADDED from src\main\AndroidManifest.xml:16:9-35
	android:icon
		ADDED from src\main\AndroidManifest.xml:17:9-45
	android:theme
		ADDED from src\main\AndroidManifest.xml:19:9-40
	android:name
		ADDED from src\main\AndroidManifest.xml:15:9-38
activity#com.eastsoft.mqtt.cloud2.util.HeaterActivity
ADDED from src\main\AndroidManifest.xml:20:9-29:20
	android:screenOrientation
		ADDED from src\main\AndroidManifest.xml:23:13-50
	android:name
		ADDED from src\main\AndroidManifest.xml:21:13-48
intent-filter#android.intent.action.MAIN+android.intent.category.LAUNCHER
ADDED from src\main\AndroidManifest.xml:24:13-28:29
action#android.intent.action.MAIN
ADDED from src\main\AndroidManifest.xml:25:17-69
	android:name
		ADDED from src\main\AndroidManifest.xml:25:25-66
category#android.intent.category.LAUNCHER
ADDED from src\main\AndroidManifest.xml:27:17-77
	android:name
		ADDED from src\main\AndroidManifest.xml:27:27-74
service#com.eastsoft.mqtt.cloud2.Device_6364.SerialSvr
ADDED from src\main\AndroidManifest.xml:30:9-35:19
	android:name
		ADDED from src\main\AndroidManifest.xml:30:18-55
intent-filter#com.eastsoft.plcandroid.SerialSvr
ADDED from src\main\AndroidManifest.xml:31:13-34:29
action#com.eastsoft.plcandroid.SerialSvr
ADDED from src\main\AndroidManifest.xml:33:17-76
	android:name
		ADDED from src\main\AndroidManifest.xml:33:25-73